<?xml version="1.0" encoding="UTF-8"?>
<testng-results skipped="0" failed="1" ignored="0" total="1" passed="0">
  <reporter-output>
  </reporter-output>
  <suite name="Default suite" duration-ms="567" started-at="2019-04-01T17:31:02Z" finished-at="2019-04-01T17:31:02Z">
    <groups>
    </groups>
    <test name="Default test" duration-ms="567" started-at="2019-04-01T17:31:02Z" finished-at="2019-04-01T17:31:02Z">
      <class name="script.MakeMytrip">
        <test-method status="PASS" signature="beforeSuite()[pri:0, instance:script.MakeMytrip@631330c]" name="beforeSuite" is-config="true" duration-ms="47" started-at="2019-04-01T17:31:01Z" finished-at="2019-04-01T17:31:02Z">
          <reporter-output>
          </reporter-output>
        </test-method> <!-- beforeSuite -->
        <test-method status="FAIL" signature="excelInfo(java.lang.String, java.lang.String, java.lang.String, java.lang.String, java.lang.String, int, int, int)[pri:0, instance:script.MakeMytrip@631330c]" name="excelInfo" duration-ms="551" started-at="2019-04-01T17:31:02Z" data-provider="getExcelData" finished-at="2019-04-01T17:31:02Z">
          <exception class="org.testng.internal.reflect.MethodMatcherException">
            <message>
              <![CDATA[
Data provider mismatch
Method: excelInfo([Parameter{index=0, type=java.lang.String, declaredAnnotations=[]}, Parameter{index=1, type=java.lang.String, declaredAnnotations=[]}, Parameter{index=2, type=java.lang.String, declaredAnnotations=[]}, Parameter{index=3, type=java.lang.String, declaredAnnotations=[]}, Parameter{index=4, type=java.lang.String, declaredAnnotations=[]}, Parameter{index=5, type=int, declaredAnnotations=[]}, Parameter{index=6, type=int, declaredAnnotations=[]}, Parameter{index=7, type=int, declaredAnnotations=[]}])
Arguments: [(java.lang.String) BookingType,(java.lang.String) From,(java.lang.String) To,(java.lang.String) Depature ,(java.lang.String) Adult,(java.lang.String) child,(java.lang.String) Infant,null]]]>
            </message>
            <full-stacktrace>
              <![CDATA[org.testng.internal.reflect.MethodMatcherException: 
Data provider mismatch
Method: excelInfo([Parameter{index=0, type=java.lang.String, declaredAnnotations=[]}, Parameter{index=1, type=java.lang.String, declaredAnnotations=[]}, Parameter{index=2, type=java.lang.String, declaredAnnotations=[]}, Parameter{index=3, type=java.lang.String, declaredAnnotations=[]}, Parameter{index=4, type=java.lang.String, declaredAnnotations=[]}, Parameter{index=5, type=int, declaredAnnotations=[]}, Parameter{index=6, type=int, declaredAnnotations=[]}, Parameter{index=7, type=int, declaredAnnotations=[]}])
Arguments: [(java.lang.String) BookingType,(java.lang.String) From,(java.lang.String) To,(java.lang.String) Depature ,(java.lang.String) Adult,(java.lang.String) child,(java.lang.String) Infant,null]
at org.testng.internal.reflect.DataProviderMethodMatcher.getConformingArguments(DataProviderMethodMatcher.java:45)
at org.testng.internal.Parameters.injectParameters(Parameters.java:796)
at org.testng.internal.Invoker.invokeTestMethods(Invoker.java:982)
at org.testng.internal.TestMethodWorker.invokeTestMethods(TestMethodWorker.java:125)
at org.testng.internal.TestMethodWorker.run(TestMethodWorker.java:109)
at org.testng.TestRunner.privateRun(TestRunner.java:648)
at org.testng.TestRunner.run(TestRunner.java:505)
at org.testng.SuiteRunner.runTest(SuiteRunner.java:455)
at org.testng.SuiteRunner.runSequentially(SuiteRunner.java:450)
at org.testng.SuiteRunner.privateRun(SuiteRunner.java:415)
at org.testng.SuiteRunner.run(SuiteRunner.java:364)
at org.testng.SuiteRunnerWorker.runSuite(SuiteRunnerWorker.java:52)
at org.testng.SuiteRunnerWorker.run(SuiteRunnerWorker.java:84)
at org.testng.TestNG.runSuitesSequentially(TestNG.java:1208)
at org.testng.TestNG.runSuitesLocally(TestNG.java:1137)
at org.testng.TestNG.runSuites(TestNG.java:1049)
at org.testng.TestNG.run(TestNG.java:1017)
at org.testng.remote.AbstractRemoteTestNG.run(AbstractRemoteTestNG.java:115)
at org.testng.remote.RemoteTestNG.initAndRun(RemoteTestNG.java:251)
at org.testng.remote.RemoteTestNG.main(RemoteTestNG.java:77)
]]>
            </full-stacktrace>
          </exception> <!-- org.testng.internal.reflect.MethodMatcherException -->
          <reporter-output>
          </reporter-output>
        </test-method> <!-- excelInfo -->
      </class> <!-- script.MakeMytrip -->
    </test> <!-- Default test -->
  </suite> <!-- Default suite -->
</testng-results>
